<?xml version="1.0" encoding="UTF-8"?>
<!-- Generated by org.testng.reporters.JUnitReportReporter -->
<testsuite hostname="DESKTOP-MGGP7VI" failures="0" tests="1" name="Testpkg.fblogintest" time="0.370" errors="0" timestamp="2024-03-07T10:38:45 IST" skipped="0">
  <testcase classname="Testpkg.fblogintest" name="testlogin" time="0.370"/>
</testsuite> <!-- Testpkg.fblogintest -->
